<?xml version="1.0" encoding="UTF-8"?>
<!-- Generated by org.testng.reporters.JUnitReportReporter -->
<testsuite hostname="LPT1289-B1" failures="0" tests="1" name="tests.LoginLogout" time="42.353" errors="0" timestamp="2023-05-11T23:27:14 IST" skipped="0">
  <testcase classname="tests.LoginLogout" name="loginLogout" time="42.353"/>
  <system-out/>
</testsuite> <!-- tests.LoginLogout -->
